<?xml version="1.0" encoding="UTF-8"?>
<!-- Generated by org.testng.reporters.JUnitReportReporter -->
<testsuite hostname="SLB-83QFJR3" failures="0" tests="16" name="runner.TestRunner" time="393.516" errors="0" timestamp="2024-07-28T11:07:43 IST" skipped="0">
  <testcase classname="runner.TestRunner" name="runScenario" time="26.552"/>
  <system-out/>
  <testcase classname="runner.TestRunner" name="runScenario" time="29.148"/>
  <system-out/>
  <testcase classname="runner.TestRunner" name="runScenario" time="26.738"/>
  <system-out/>
  <testcase classname="runner.TestRunner" name="runScenario" time="28.825"/>
  <system-out/>
  <testcase classname="runner.TestRunner" name="runScenario" time="16.737"/>
  <system-out/>
  <testcase classname="runner.TestRunner" name="runScenario" time="29.012"/>
  <system-out/>
  <testcase classname="runner.TestRunner" name="runScenario" time="27.546"/>
  <system-out/>
  <testcase classname="runner.TestRunner" name="runScenario" time="16.525"/>
  <system-out/>
  <testcase classname="runner.TestRunner" name="runScenario" time="26.145"/>
  <system-out/>
  <testcase classname="runner.TestRunner" name="runScenario" time="15.681"/>
  <system-out/>
  <testcase classname="runner.TestRunner" name="runScenario" time="29.041"/>
  <system-out/>
  <testcase classname="runner.TestRunner" name="runScenario" time="16.317"/>
  <system-out/>
  <testcase classname="runner.TestRunner" name="runScenario" time="20.931"/>
  <system-out/>
  <testcase classname="runner.TestRunner" name="runScenario" time="26.880"/>
  <system-out/>
  <testcase classname="runner.TestRunner" name="runScenario" time="42.167"/>
  <system-out/>
  <testcase classname="runner.TestRunner" name="runScenario" time="15.271"/>
  <system-out/>
</testsuite> <!-- runner.TestRunner -->
